0 info it worked if it ends with ok
1 verbose cli [ '/usr/bin/nodejs', '/usr/bin/npm', 'install', '-g', 'cordova' ]
2 info using npm@2.15.9
3 info using node@v4.5.0
4 verbose install initial load of /usr/lib/package.json
5 verbose readDependencies loading dependencies from /usr/lib/package.json
6 silly cache add args [ 'cordova', null ]
7 verbose cache add spec cordova
8 silly cache add parsed spec Result {
8 silly cache add   raw: 'cordova',
8 silly cache add   scope: null,
8 silly cache add   name: 'cordova',
8 silly cache add   rawSpec: '',
8 silly cache add   spec: 'latest',
8 silly cache add   type: 'tag' }
9 silly addNamed cordova@latest
10 verbose addNamed "latest" is being treated as a dist-tag for cordova
11 info addNameTag [ 'cordova', 'latest' ]
12 silly mapToRegistry name cordova
13 silly mapToRegistry using default registry
14 silly mapToRegistry registry https://registry.npmjs.org/
15 silly mapToRegistry data Result {
15 silly mapToRegistry   raw: 'cordova',
15 silly mapToRegistry   scope: null,
15 silly mapToRegistry   name: 'cordova',
15 silly mapToRegistry   rawSpec: '',
15 silly mapToRegistry   spec: 'latest',
15 silly mapToRegistry   type: 'tag' }
16 silly mapToRegistry uri https://registry.npmjs.org/cordova
17 verbose addNameTag registry:https://registry.npmjs.org/cordova not in flight; fetching
18 verbose request uri https://registry.npmjs.org/cordova
19 verbose request no auth needed
20 info attempt registry request try #1 at 5:24:49 PM
21 verbose request id eb91bba80cf9208d
22 verbose etag "CWB332KKYAN1ER56Y3LTRAA5Y"
23 http request GET https://registry.npmjs.org/cordova
24 http 200 https://registry.npmjs.org/cordova
25 verbose headers { server: 'nginx/1.10.1',
25 verbose headers   'content-type': 'application/json',
25 verbose headers   'last-modified': 'Sat, 10 Dec 2016 17:14:24 GMT',
25 verbose headers   etag: 'W/"584c37f0-104685"',
25 verbose headers   'content-encoding': 'gzip',
25 verbose headers   'cache-control': 'max-age=300',
25 verbose headers   'content-length': '39658',
25 verbose headers   'accept-ranges': 'bytes',
25 verbose headers   date: 'Mon, 12 Dec 2016 00:24:50 GMT',
25 verbose headers   via: '1.1 varnish',
25 verbose headers   age: '97',
25 verbose headers   connection: 'keep-alive',
25 verbose headers   'x-served-by': 'cache-lax8637-LAX',
25 verbose headers   'x-cache': 'HIT',
25 verbose headers   'x-cache-hits': '43',
25 verbose headers   'x-timer': 'S1481502290.138843,VS0,VE0',
25 verbose headers   vary: 'Accept-Encoding' }
26 silly get cb [ 200,
26 silly get   { server: 'nginx/1.10.1',
26 silly get     'content-type': 'application/json',
26 silly get     'last-modified': 'Sat, 10 Dec 2016 17:14:24 GMT',
26 silly get     etag: 'W/"584c37f0-104685"',
26 silly get     'content-encoding': 'gzip',
26 silly get     'cache-control': 'max-age=300',
26 silly get     'content-length': '39658',
26 silly get     'accept-ranges': 'bytes',
26 silly get     date: 'Mon, 12 Dec 2016 00:24:50 GMT',
26 silly get     via: '1.1 varnish',
26 silly get     age: '97',
26 silly get     connection: 'keep-alive',
26 silly get     'x-served-by': 'cache-lax8637-LAX',
26 silly get     'x-cache': 'HIT',
26 silly get     'x-cache-hits': '43',
26 silly get     'x-timer': 'S1481502290.138843,VS0,VE0',
26 silly get     vary: 'Accept-Encoding' } ]
27 verbose get saving cordova to /home/shepniel/.npm/registry.npmjs.org/cordova/.cache.json
28 verbose correctMkdir /home/shepniel/.npm correctMkdir not in flight; initializing
29 silly addNameTag next cb for cordova with tag latest
30 silly addNamed cordova@6.4.0
31 verbose addNamed "6.4.0" is a plain semver version for cordova
32 silly mapToRegistry name cordova
33 silly mapToRegistry using default registry
34 silly mapToRegistry registry https://registry.npmjs.org/
35 silly mapToRegistry data Result {
35 silly mapToRegistry   raw: 'cordova',
35 silly mapToRegistry   scope: null,
35 silly mapToRegistry   name: 'cordova',
35 silly mapToRegistry   rawSpec: '',
35 silly mapToRegistry   spec: 'latest',
35 silly mapToRegistry   type: 'tag' }
36 silly mapToRegistry uri https://registry.npmjs.org/cordova
37 verbose addRemoteTarball https://registry.npmjs.org/cordova/-/cordova-6.4.0.tgz not in flight; adding
38 verbose addRemoteTarball [ 'https://registry.npmjs.org/cordova/-/cordova-6.4.0.tgz',
38 verbose addRemoteTarball   '3fd9e8b9ad77a6a93ec76947704de21ac2991776' ]
39 info retry fetch attempt 1 at 5:24:50 PM
40 info attempt registry request try #1 at 5:24:50 PM
41 http fetch GET https://registry.npmjs.org/cordova/-/cordova-6.4.0.tgz
42 http fetch 200 https://registry.npmjs.org/cordova/-/cordova-6.4.0.tgz
43 silly fetchAndShaCheck shasum 3fd9e8b9ad77a6a93ec76947704de21ac2991776
44 verbose addTmpTarball /tmp/npm-9188-89c0095c/registry.npmjs.org/cordova/-/cordova-6.4.0.tgz not in flight; adding
45 verbose addTmpTarball already have metadata; skipping unpack for cordova@6.4.0
46 verbose correctMkdir /home/shepniel/.npm correctMkdir not in flight; initializing
47 silly cache afterAdd cordova@6.4.0
48 verbose afterAdd /home/shepniel/.npm/cordova/6.4.0/package/package.json not in flight; writing
49 verbose correctMkdir /home/shepniel/.npm correctMkdir not in flight; initializing
50 verbose afterAdd /home/shepniel/.npm/cordova/6.4.0/package/package.json written
51 silly install resolved [ { name: 'cordova',
51 silly install resolved     version: '6.4.0',
51 silly install resolved     preferGlobal: 'true',
51 silly install resolved     description: 'Cordova command line interface tool',
51 silly install resolved     main: 'cordova',
51 silly install resolved     engines: { node: '>=4.0.0' },
51 silly install resolved     bin: { cordova: './bin/cordova' },
51 silly install resolved     scripts:
51 silly install resolved      { test: 'node node_modules/jasmine-node/bin/jasmine-node --captureExceptions --color spec',
51 silly install resolved        cover: 'node node_modules/istanbul/lib/cli.js cover --root src --print detail node_modules/jasmine-node/bin/jasmine-node -- spec' },
51 silly install resolved     repository:
51 silly install resolved      { type: 'git',
51 silly install resolved        url: 'https://git-wip-us.apache.org/repos/asf/cordova-cli.git' },
51 silly install resolved     bugs:
51 silly install resolved      { url: 'https://issues.apache.org/jira/browse/CB',
51 silly install resolved        email: 'dev@cordova.apache.org' },
51 silly install resolved     keywords: [ 'cordova', 'client', 'cli' ],
51 silly install resolved     dependencies:
51 silly install resolved      { 'cordova-common': '1.5.x',
51 silly install resolved        'cordova-lib': '6.4.0',
51 silly install resolved        insight: '~0.8.2',
51 silly install resolved        nopt: '3.0.1',
51 silly install resolved        q: '1.0.1',
51 silly install resolved        underscore: '1.7.0',
51 silly install resolved        'update-notifier': '^0.5.0' },
51 silly install resolved     devDependencies: { istanbul: '^0.4.5', 'jasmine-node': '1.14.5' },
51 silly install resolved     author: { name: 'Anis Kadri' },
51 silly install resolved     contributors:
51 silly install resolved      [ [Object],
51 silly install resolved        [Object],
51 silly install resolved        [Object],
51 silly install resolved        [Object],
51 silly install resolved        [Object],
51 silly install resolved        [Object],
51 silly install resolved        [Object],
51 silly install resolved        [Object],
51 silly install resolved        [Object],
51 silly install resolved        [Object],
51 silly install resolved        [Object],
51 silly install resolved        [Object],
51 silly install resolved        [Object],
51 silly install resolved        [Object],
51 silly install resolved        [Object],
51 silly install resolved        [Object],
51 silly install resolved        [Object],
51 silly install resolved        [Object],
51 silly install resolved        [Object],
51 silly install resolved        [Object],
51 silly install resolved        [Object],
51 silly install resolved        [Object],
51 silly install resolved        [Object],
51 silly install resolved        [Object] ],
51 silly install resolved     license: 'Apache-2.0',
51 silly install resolved     _id: 'cordova@6.4.0',
51 silly install resolved     _shasum: '3fd9e8b9ad77a6a93ec76947704de21ac2991776',
51 silly install resolved     _resolved: 'https://registry.npmjs.org/cordova/-/cordova-6.4.0.tgz',
51 silly install resolved     _from: 'cordova@latest',
51 silly install resolved     _npmVersion: '4.0.0',
51 silly install resolved     _nodeVersion: '6.6.0',
51 silly install resolved     _npmUser: { name: 'stevegill', email: 'stevengill97@gmail.com' },
51 silly install resolved     dist:
51 silly install resolved      { shasum: '3fd9e8b9ad77a6a93ec76947704de21ac2991776',
51 silly install resolved        tarball: 'https://registry.npmjs.org/cordova/-/cordova-6.4.0.tgz' },
51 silly install resolved     maintainers:
51 silly install resolved      [ [Object],
51 silly install resolved        [Object],
51 silly install resolved        [Object],
51 silly install resolved        [Object],
51 silly install resolved        [Object],
51 silly install resolved        [Object],
51 silly install resolved        [Object],
51 silly install resolved        [Object],
51 silly install resolved        [Object],
51 silly install resolved        [Object],
51 silly install resolved        [Object],
51 silly install resolved        [Object],
51 silly install resolved        [Object],
51 silly install resolved        [Object],
51 silly install resolved        [Object],
51 silly install resolved        [Object],
51 silly install resolved        [Object],
51 silly install resolved        [Object] ],
51 silly install resolved     _npmOperationalInternal:
51 silly install resolved      { host: 'packages-18-east.internal.npmjs.com',
51 silly install resolved        tmp: 'tmp/cordova-6.4.0.tgz_1477514706896_0.4209229650441557' },
51 silly install resolved     directories: {} } ]
52 info install cordova@6.4.0 into /usr/lib
53 info installOne cordova@6.4.0
54 verbose installOne of cordova to /usr/lib not in flight; installing
55 verbose correctMkdir /home/shepniel/.npm/_locks correctMkdir not in flight; initializing
56 verbose lock using /home/shepniel/.npm/_locks/cordova-748ccae172373beb.lock for /usr/lib/node_modules/cordova
57 silly install write writing cordova 6.4.0 to /usr/lib/node_modules/cordova
58 verbose unbuild lib/node_modules/cordova
59 info preuninstall cordova@6.3.1
60 info uninstall cordova@6.3.1
61 verbose unbuild rmStuff cordova@6.3.1 from /usr/lib/node_modules
62 silly gentlyRm /usr/bin/cordova is being gently removed
63 silly gentlyRm verifying /usr is an npm working directory
64 silly gentlyRm containing path /usr is under npm's control, in /usr
65 silly gentlyRm deletion target /usr/bin/cordova is under /usr
66 verbose gentlyRm vacuuming from /usr/bin/cordova up to /usr
67 silly vacuum-fs removing /usr/bin/cordova
68 verbose unlock done using /home/shepniel/.npm/_locks/cordova-748ccae172373beb.lock for /usr/lib/node_modules/cordova
69 verbose stack Error: EACCES: permission denied, unlink '/usr/bin/cordova'
69 verbose stack     at Error (native)
70 verbose cwd /home/shepniel/Documents/game_quiz
71 error Linux 3.19.0-66-generic
72 error argv "/usr/bin/nodejs" "/usr/bin/npm" "install" "-g" "cordova"
73 error node v4.5.0
74 error npm  v2.15.9
75 error path /usr/bin/cordova
76 error code EACCES
77 error errno -13
78 error syscall unlink
79 error Error: EACCES: permission denied, unlink '/usr/bin/cordova'
79 error     at Error (native)
79 error  { [Error: EACCES: permission denied, unlink '/usr/bin/cordova']
79 error   errno: -13,
79 error   code: 'EACCES',
79 error   syscall: 'unlink',
79 error   path: '/usr/bin/cordova' }
80 error Please try running this command again as root/Administrator.
81 verbose exit [ -13, true ]
82 verbose unbuild lib/node_modules/cordova
83 info preuninstall cordova@6.3.1
84 info uninstall cordova@6.3.1
85 verbose unbuild rmStuff cordova@6.3.1 from /usr/lib/node_modules
86 silly gentlyRm /usr/bin/cordova is being gently removed
87 silly gentlyRm verifying /usr is an npm working directory
88 silly gentlyRm containing path /usr is under npm's control, in /usr
89 silly gentlyRm deletion target /usr/bin/cordova is under /usr
90 verbose gentlyRm vacuuming from /usr/bin/cordova up to /usr
91 silly vacuum-fs removing /usr/bin/cordova
92 error error rolling back Error: EACCES: permission denied, unlink '/usr/bin/cordova'
92 error error rolling back     at Error (native)
92 error error rolling back  { [Error: EACCES: permission denied, unlink '/usr/bin/cordova']
92 error error rolling back   errno: -13,
92 error error rolling back   code: 'EACCES',
92 error error rolling back   syscall: 'unlink',
92 error error rolling back   path: '/usr/bin/cordova' }
